<?xml version="1.0" encoding="UTF-8"?>
<!-- Generated by org.testng.reporters.JUnitReportReporter -->
<testsuite hostname="hp" failures="0" tests="1" name="com.jenkins.Amazon" time="121.459" errors="0" timestamp="2023-02-22T10:19:57 IST" skipped="0">
  <testcase classname="com.jenkins.Amazon" name="broswer_launch" time="121.459"/>
  <system-out/>
</testsuite> <!-- com.jenkins.Amazon -->
